The target system is: Android - 1 - aarch64
The host system is: Linux - 4.4.0-142-generic - x86_64
Determining if the C compiler works passed with the following output:
Change Dir: /home/vishal/Github/Software_Design/data_recorder/android/CMakeFiles/CMakeTmp

Run Build Command:"/usr/bin/make" "cmTC_19002/fast"
/usr/bin/make -f CMakeFiles/cmTC_19002.dir/build.make CMakeFiles/cmTC_19002.dir/build
make[1]: Entering directory '/home/vishal/Github/Software_Design/data_recorder/android/CMakeFiles/CMakeTmp'
Building C object CMakeFiles/cmTC_19002.dir/testCCompiler.c.o
/home/vishal/android_tools/android-ndk-r19/toolchains/llvm/prebuilt/linux-x86_64/bin/clang --target=aarch64-none-linux-android28 --gcc-toolchain=/home/vishal/android_tools/android-ndk-r19/toolchains/llvm/prebuilt/linux-x86_64   --sysroot /home/vishal/android_tools/android-ndk-r19/toolchains/llvm/prebuilt/linux-x86_64/sysroot -g -DANDROID -fdata-sections -ffunction-sections -funwind-tables -fstack-protector-strong -no-canonical-prefixes -fno-addrsig -Wa,--noexecstack -Wformat -Werror=format-security   -fPIE   -o CMakeFiles/cmTC_19002.dir/testCCompiler.c.o   -c /home/vishal/Github/Software_Design/data_recorder/android/CMakeFiles/CMakeTmp/testCCompiler.c
Linking C executable cmTC_19002
/usr/local/lib/python2.7/dist-packages/cmake/data/bin/cmake -E cmake_link_script CMakeFiles/cmTC_19002.dir/link.txt --verbose=1
/home/vishal/android_tools/android-ndk-r19/toolchains/llvm/prebuilt/linux-x86_64/bin/clang --target=aarch64-none-linux-android28 --gcc-toolchain=/home/vishal/android_tools/android-ndk-r19/toolchains/llvm/prebuilt/linux-x86_64 --sysroot /home/vishal/android_tools/android-ndk-r19/toolchains/llvm/prebuilt/linux-x86_64/sysroot -g -DANDROID -fdata-sections -ffunction-sections -funwind-tables -fstack-protector-strong -no-canonical-prefixes -fno-addrsig -Wa,--noexecstack -Wformat -Werror=format-security    -Wl,--exclude-libs,libgcc.a -Wl,--exclude-libs,libatomic.a -static-libstdc++ -Wl,--build-id -Wl,--warn-shared-textrel -Wl,--fatal-warnings -Wl,--no-undefined -Qunused-arguments -Wl,-z,noexecstack -Wl,-z,relro -Wl,-z,now -Wl,--gc-sections   CMakeFiles/cmTC_19002.dir/testCCompiler.c.o  -o cmTC_19002 -latomic -lm 
make[1]: Leaving directory '/home/vishal/Github/Software_Design/data_recorder/android/CMakeFiles/CMakeTmp'


Detecting C compiler ABI info compiled with the following output:
Change Dir: /home/vishal/Github/Software_Design/data_recorder/android/CMakeFiles/CMakeTmp

Run Build Command:"/usr/bin/make" "cmTC_a33a8/fast"
/usr/bin/make -f CMakeFiles/cmTC_a33a8.dir/build.make CMakeFiles/cmTC_a33a8.dir/build
make[1]: Entering directory '/home/vishal/Github/Software_Design/data_recorder/android/CMakeFiles/CMakeTmp'
Building C object CMakeFiles/cmTC_a33a8.dir/CMakeCCompilerABI.c.o
/home/vishal/android_tools/android-ndk-r19/toolchains/llvm/prebuilt/linux-x86_64/bin/clang --target=aarch64-none-linux-android28 --gcc-toolchain=/home/vishal/android_tools/android-ndk-r19/toolchains/llvm/prebuilt/linux-x86_64   --sysroot /home/vishal/android_tools/android-ndk-r19/toolchains/llvm/prebuilt/linux-x86_64/sysroot -g -DANDROID -fdata-sections -ffunction-sections -funwind-tables -fstack-protector-strong -no-canonical-prefixes -fno-addrsig -Wa,--noexecstack -Wformat -Werror=format-security   -fPIE   -o CMakeFiles/cmTC_a33a8.dir/CMakeCCompilerABI.c.o   -c /usr/local/lib/python2.7/dist-packages/cmake/data/share/cmake-3.13/Modules/CMakeCCompilerABI.c
Linking C executable cmTC_a33a8
/usr/local/lib/python2.7/dist-packages/cmake/data/bin/cmake -E cmake_link_script CMakeFiles/cmTC_a33a8.dir/link.txt --verbose=1
/home/vishal/android_tools/android-ndk-r19/toolchains/llvm/prebuilt/linux-x86_64/bin/clang --target=aarch64-none-linux-android28 --gcc-toolchain=/home/vishal/android_tools/android-ndk-r19/toolchains/llvm/prebuilt/linux-x86_64 --sysroot /home/vishal/android_tools/android-ndk-r19/toolchains/llvm/prebuilt/linux-x86_64/sysroot -g -DANDROID -fdata-sections -ffunction-sections -funwind-tables -fstack-protector-strong -no-canonical-prefixes -fno-addrsig -Wa,--noexecstack -Wformat -Werror=format-security    -Wl,--exclude-libs,libgcc.a -Wl,--exclude-libs,libatomic.a -static-libstdc++ -Wl,--build-id -Wl,--warn-shared-textrel -Wl,--fatal-warnings -Wl,--no-undefined -Qunused-arguments -Wl,-z,noexecstack -Wl,-z,relro -Wl,-z,now -Wl,--gc-sections  -v CMakeFiles/cmTC_a33a8.dir/CMakeCCompilerABI.c.o  -o cmTC_a33a8 
Android (5058415 based on r339409) clang version 8.0.2 (https://android.googlesource.com/toolchain/clang 40173bab62ec746213857d083c0e8b0abb568790) (https://android.googlesource.com/toolchain/llvm 7a6618d69e7e8111e1d49dc9e7813767c5ca756a) (based on LLVM 8.0.2svn)
Target: aarch64-none-linux-android28
Thread model: posix
InstalledDir: /home/vishal/android_tools/android-ndk-r19/toolchains/llvm/prebuilt/linux-x86_64/bin
Found candidate GCC installation: /home/vishal/android_tools/android-ndk-r19/toolchains/llvm/prebuilt/linux-x86_64/lib/gcc/aarch64-linux-android/4.9.x
Selected GCC installation: /home/vishal/android_tools/android-ndk-r19/toolchains/llvm/prebuilt/linux-x86_64/lib/gcc/aarch64-linux-android/4.9.x
Candidate multilib: .;@m64
Selected multilib: .;@m64
 "/home/vishal/android_tools/android-ndk-r19/toolchains/llvm/prebuilt/linux-x86_64/lib/gcc/aarch64-linux-android/4.9.x/../../../../aarch64-linux-android/bin/ld" --sysroot=/home/vishal/android_tools/android-ndk-r19/toolchains/llvm/prebuilt/linux-x86_64/sysroot -pie --fix-cortex-a53-843419 -z relro --enable-new-dtags --eh-frame-hdr -m aarch64linux -dynamic-linker /system/bin/linker64 -o cmTC_a33a8 /home/vishal/android_tools/android-ndk-r19/toolchains/llvm/prebuilt/linux-x86_64/sysroot/usr/lib/aarch64-linux-android/28/crtbegin_dynamic.o -L/home/vishal/android_tools/android-ndk-r19/toolchains/llvm/prebuilt/linux-x86_64/lib64/clang/8.0.2/lib/linux/aarch64 -L/home/vishal/android_tools/android-ndk-r19/toolchains/llvm/prebuilt/linux-x86_64/lib/gcc/aarch64-linux-android/4.9.x -L/home/vishal/android_tools/android-ndk-r19/toolchains/llvm/prebuilt/linux-x86_64/lib/gcc/aarch64-linux-android/4.9.x/../../../../aarch64-linux-android/lib/../lib64 -L/home/vishal/android_tools/android-ndk-r19/toolchains/llvm/prebuilt/linux-x86_64/sysroot/usr/lib/aarch64-linux-android/28 -L/home/vishal/android_tools/android-ndk-r19/toolchains/llvm/prebuilt/linux-x86_64/sysroot/usr/lib/aarch64-linux-android -L/home/vishal/android_tools/android-ndk-r19/toolchains/llvm/prebuilt/linux-x86_64/lib/gcc/aarch64-linux-android/4.9.x/../../../../aarch64-linux-android/lib -L/home/vishal/android_tools/android-ndk-r19/toolchains/llvm/prebuilt/linux-x86_64/sysroot/usr/lib --exclude-libs libgcc.a --exclude-libs libatomic.a --build-id --warn-shared-textrel --fatal-warnings --no-undefined -z noexecstack -z relro -z now --gc-sections CMakeFiles/cmTC_a33a8.dir/CMakeCCompilerABI.c.o -lgcc -ldl -lc -lgcc -ldl /home/vishal/android_tools/android-ndk-r19/toolchains/llvm/prebuilt/linux-x86_64/sysroot/usr/lib/aarch64-linux-android/28/crtend_android.o
make[1]: Leaving directory '/home/vishal/Github/Software_Design/data_recorder/android/CMakeFiles/CMakeTmp'


Parsed C implicit link information from above output:
  link line regex: [^( *|.*[/\])(aarch64-linux-android-ld|CMAKE_LINK_STARTFILE-NOTFOUND|([^/\]+-)?ld|collect2)[^/\]*( |$)]
  ignore line: [Change Dir: /home/vishal/Github/Software_Design/data_recorder/android/CMakeFiles/CMakeTmp]
  ignore line: []
  ignore line: [Run Build Command:"/usr/bin/make" "cmTC_a33a8/fast"]
  ignore line: [/usr/bin/make -f CMakeFiles/cmTC_a33a8.dir/build.make CMakeFiles/cmTC_a33a8.dir/build]
  ignore line: [make[1]: Entering directory '/home/vishal/Github/Software_Design/data_recorder/android/CMakeFiles/CMakeTmp']
  ignore line: [Building C object CMakeFiles/cmTC_a33a8.dir/CMakeCCompilerABI.c.o]
  ignore line: [/home/vishal/android_tools/android-ndk-r19/toolchains/llvm/prebuilt/linux-x86_64/bin/clang --target=aarch64-none-linux-android28 --gcc-toolchain=/home/vishal/android_tools/android-ndk-r19/toolchains/llvm/prebuilt/linux-x86_64   --sysroot /home/vishal/android_tools/android-ndk-r19/toolchains/llvm/prebuilt/linux-x86_64/sysroot -g -DANDROID -fdata-sections -ffunction-sections -funwind-tables -fstack-protector-strong -no-canonical-prefixes -fno-addrsig -Wa,--noexecstack -Wformat -Werror=format-security   -fPIE   -o CMakeFiles/cmTC_a33a8.dir/CMakeCCompilerABI.c.o   -c /usr/local/lib/python2.7/dist-packages/cmake/data/share/cmake-3.13/Modules/CMakeCCompilerABI.c]
  ignore line: [Linking C executable cmTC_a33a8]
  ignore line: [/usr/local/lib/python2.7/dist-packages/cmake/data/bin/cmake -E cmake_link_script CMakeFiles/cmTC_a33a8.dir/link.txt --verbose=1]
  ignore line: [/home/vishal/android_tools/android-ndk-r19/toolchains/llvm/prebuilt/linux-x86_64/bin/clang --target=aarch64-none-linux-android28 --gcc-toolchain=/home/vishal/android_tools/android-ndk-r19/toolchains/llvm/prebuilt/linux-x86_64 --sysroot /home/vishal/android_tools/android-ndk-r19/toolchains/llvm/prebuilt/linux-x86_64/sysroot -g -DANDROID -fdata-sections -ffunction-sections -funwind-tables -fstack-protector-strong -no-canonical-prefixes -fno-addrsig -Wa,--noexecstack -Wformat -Werror=format-security    -Wl,--exclude-libs,libgcc.a -Wl,--exclude-libs,libatomic.a -static-libstdc++ -Wl,--build-id -Wl,--warn-shared-textrel -Wl,--fatal-warnings -Wl,--no-undefined -Qunused-arguments -Wl,-z,noexecstack -Wl,-z,relro -Wl,-z,now -Wl,--gc-sections  -v CMakeFiles/cmTC_a33a8.dir/CMakeCCompilerABI.c.o  -o cmTC_a33a8 ]
  ignore line: [Android (5058415 based on r339409) clang version 8.0.2 (https://android.googlesource.com/toolchain/clang 40173bab62ec746213857d083c0e8b0abb568790) (https://android.googlesource.com/toolchain/llvm 7a6618d69e7e8111e1d49dc9e7813767c5ca756a) (based on LLVM 8.0.2svn)]
  ignore line: [Target: aarch64-none-linux-android28]
  ignore line: [Thread model: posix]
  ignore line: [InstalledDir: /home/vishal/android_tools/android-ndk-r19/toolchains/llvm/prebuilt/linux-x86_64/bin]
  ignore line: [Found candidate GCC installation: /home/vishal/android_tools/android-ndk-r19/toolchains/llvm/prebuilt/linux-x86_64/lib/gcc/aarch64-linux-android/4.9.x]
  ignore line: [Selected GCC installation: /home/vishal/android_tools/android-ndk-r19/toolchains/llvm/prebuilt/linux-x86_64/lib/gcc/aarch64-linux-android/4.9.x]
  ignore line: [Candidate multilib: .]
  ignore line: [@m64]
  ignore line: [Selected multilib: .]
  ignore line: [@m64]
  link line: [ "/home/vishal/android_tools/android-ndk-r19/toolchains/llvm/prebuilt/linux-x86_64/lib/gcc/aarch64-linux-android/4.9.x/../../../../aarch64-linux-android/bin/ld" --sysroot=/home/vishal/android_tools/android-ndk-r19/toolchains/llvm/prebuilt/linux-x86_64/sysroot -pie --fix-cortex-a53-843419 -z relro --enable-new-dtags --eh-frame-hdr -m aarch64linux -dynamic-linker /system/bin/linker64 -o cmTC_a33a8 /home/vishal/android_tools/android-ndk-r19/toolchains/llvm/prebuilt/linux-x86_64/sysroot/usr/lib/aarch64-linux-android/28/crtbegin_dynamic.o -L/home/vishal/android_tools/android-ndk-r19/toolchains/llvm/prebuilt/linux-x86_64/lib64/clang/8.0.2/lib/linux/aarch64 -L/home/vishal/android_tools/android-ndk-r19/toolchains/llvm/prebuilt/linux-x86_64/lib/gcc/aarch64-linux-android/4.9.x -L/home/vishal/android_tools/android-ndk-r19/toolchains/llvm/prebuilt/linux-x86_64/lib/gcc/aarch64-linux-android/4.9.x/../../../../aarch64-linux-android/lib/../lib64 -L/home/vishal/android_tools/android-ndk-r19/toolchains/llvm/prebuilt/linux-x86_64/sysroot/usr/lib/aarch64-linux-android/28 -L/home/vishal/android_tools/android-ndk-r19/toolchains/llvm/prebuilt/linux-x86_64/sysroot/usr/lib/aarch64-linux-android -L/home/vishal/android_tools/android-ndk-r19/toolchains/llvm/prebuilt/linux-x86_64/lib/gcc/aarch64-linux-android/4.9.x/../../../../aarch64-linux-android/lib -L/home/vishal/android_tools/android-ndk-r19/toolchains/llvm/prebuilt/linux-x86_64/sysroot/usr/lib --exclude-libs libgcc.a --exclude-libs libatomic.a --build-id --warn-shared-textrel --fatal-warnings --no-undefined -z noexecstack -z relro -z now --gc-sections CMakeFiles/cmTC_a33a8.dir/CMakeCCompilerABI.c.o -lgcc -ldl -lc -lgcc -ldl /home/vishal/android_tools/android-ndk-r19/toolchains/llvm/prebuilt/linux-x86_64/sysroot/usr/lib/aarch64-linux-android/28/crtend_android.o]
    arg [/home/vishal/android_tools/android-ndk-r19/toolchains/llvm/prebuilt/linux-x86_64/lib/gcc/aarch64-linux-android/4.9.x/../../../../aarch64-linux-android/bin/ld] ==> ignore
    arg [--sysroot=/home/vishal/android_tools/android-ndk-r19/toolchains/llvm/prebuilt/linux-x86_64/sysroot] ==> ignore
    arg [-pie] ==> ignore
    arg [--fix-cortex-a53-843419] ==> ignore
    arg [-zrelro] ==> ignore
    arg [--enable-new-dtags] ==> ignore
    arg [--eh-frame-hdr] ==> ignore
    arg [-m] ==> ignore
    arg [aarch64linux] ==> ignore
    arg [-dynamic-linker] ==> ignore
    arg [/system/bin/linker64] ==> ignore
    arg [-o] ==> ignore
    arg [cmTC_a33a8] ==> ignore
    arg [/home/vishal/android_tools/android-ndk-r19/toolchains/llvm/prebuilt/linux-x86_64/sysroot/usr/lib/aarch64-linux-android/28/crtbegin_dynamic.o] ==> ignore
    arg [-L/home/vishal/android_tools/android-ndk-r19/toolchains/llvm/prebuilt/linux-x86_64/lib64/clang/8.0.2/lib/linux/aarch64] ==> dir [/home/vishal/android_tools/android-ndk-r19/toolchains/llvm/prebuilt/linux-x86_64/lib64/clang/8.0.2/lib/linux/aarch64]
    arg [-L/home/vishal/android_tools/android-ndk-r19/toolchains/llvm/prebuilt/linux-x86_64/lib/gcc/aarch64-linux-android/4.9.x] ==> dir [/home/vishal/android_tools/android-ndk-r19/toolchains/llvm/prebuilt/linux-x86_64/lib/gcc/aarch64-linux-android/4.9.x]
    arg [-L/home/vishal/android_tools/android-ndk-r19/toolchains/llvm/prebuilt/linux-x86_64/lib/gcc/aarch64-linux-android/4.9.x/../../../../aarch64-linux-android/lib/../lib64] ==> dir [/home/vishal/android_tools/android-ndk-r19/toolchains/llvm/prebuilt/linux-x86_64/lib/gcc/aarch64-linux-android/4.9.x/../../../../aarch64-linux-android/lib/../lib64]
    arg [-L/home/vishal/android_tools/android-ndk-r19/toolchains/llvm/prebuilt/linux-x86_64/sysroot/usr/lib/aarch64-linux-android/28] ==> dir [/home/vishal/android_tools/android-ndk-r19/toolchains/llvm/prebuilt/linux-x86_64/sysroot/usr/lib/aarch64-linux-android/28]
    arg [-L/home/vishal/android_tools/android-ndk-r19/toolchains/llvm/prebuilt/linux-x86_64/sysroot/usr/lib/aarch64-linux-android] ==> dir [/home/vishal/android_tools/android-ndk-r19/toolchains/llvm/prebuilt/linux-x86_64/sysroot/usr/lib/aarch64-linux-android]
    arg [-L/home/vishal/android_tools/android-ndk-r19/toolchains/llvm/prebuilt/linux-x86_64/lib/gcc/aarch64-linux-android/4.9.x/../../../../aarch64-linux-android/lib] ==> dir [/home/vishal/android_tools/android-ndk-r19/toolchains/llvm/prebuilt/linux-x86_64/lib/gcc/aarch64-linux-android/4.9.x/../../../../aarch64-linux-android/lib]
    arg [-L/home/vishal/android_tools/android-ndk-r19/toolchains/llvm/prebuilt/linux-x86_64/sysroot/usr/lib] ==> dir [/home/vishal/android_tools/android-ndk-r19/toolchains/llvm/prebuilt/linux-x86_64/sysroot/usr/lib]
    arg [--exclude-libs] ==> ignore
    arg [libgcc.a] ==> ignore
    arg [--exclude-libs] ==> ignore
    arg [libatomic.a] ==> ignore
    arg [--build-id] ==> ignore
    arg [--warn-shared-textrel] ==> ignore
    arg [--fatal-warnings] ==> ignore
    arg [--no-undefined] ==> ignore
    arg [-znoexecstack] ==> ignore
    arg [-zrelro] ==> ignore
    arg [-znow] ==> ignore
    arg [--gc-sections] ==> ignore
    arg [CMakeFiles/cmTC_a33a8.dir/CMakeCCompilerABI.c.o] ==> ignore
    arg [-lgcc] ==> lib [gcc]
    arg [-ldl] ==> lib [dl]
    arg [-lc] ==> lib [c]
    arg [-lgcc] ==> lib [gcc]
    arg [-ldl] ==> lib [dl]
    arg [/home/vishal/android_tools/android-ndk-r19/toolchains/llvm/prebuilt/linux-x86_64/sysroot/usr/lib/aarch64-linux-android/28/crtend_android.o] ==> ignore
  collapse library dir [/home/vishal/android_tools/android-ndk-r19/toolchains/llvm/prebuilt/linux-x86_64/lib64/clang/8.0.2/lib/linux/aarch64] ==> [/home/vishal/android_tools/android-ndk-r19/toolchains/llvm/prebuilt/linux-x86_64/lib64/clang/8.0.2/lib/linux/aarch64]
  collapse library dir [/home/vishal/android_tools/android-ndk-r19/toolchains/llvm/prebuilt/linux-x86_64/lib/gcc/aarch64-linux-android/4.9.x] ==> [/home/vishal/android_tools/android-ndk-r19/toolchains/llvm/prebuilt/linux-x86_64/lib/gcc/aarch64-linux-android/4.9.x]
  collapse library dir [/home/vishal/android_tools/android-ndk-r19/toolchains/llvm/prebuilt/linux-x86_64/lib/gcc/aarch64-linux-android/4.9.x/../../../../aarch64-linux-android/lib/../lib64] ==> [/home/vishal/android_tools/android-ndk-r19/toolchains/llvm/prebuilt/linux-x86_64/aarch64-linux-android/lib64]
  collapse library dir [/home/vishal/android_tools/android-ndk-r19/toolchains/llvm/prebuilt/linux-x86_64/sysroot/usr/lib/aarch64-linux-android/28] ==> [/home/vishal/android_tools/android-ndk-r19/toolchains/llvm/prebuilt/linux-x86_64/sysroot/usr/lib/aarch64-linux-android/28]
  collapse library dir [/home/vishal/android_tools/android-ndk-r19/toolchains/llvm/prebuilt/linux-x86_64/sysroot/usr/lib/aarch64-linux-android] ==> [/home/vishal/android_tools/android-ndk-r19/toolchains/llvm/prebuilt/linux-x86_64/sysroot/usr/lib/aarch64-linux-android]
  collapse library dir [/home/vishal/android_tools/android-ndk-r19/toolchains/llvm/prebuilt/linux-x86_64/lib/gcc/aarch64-linux-android/4.9.x/../../../../aarch64-linux-android/lib] ==> [/home/vishal/android_tools/android-ndk-r19/toolchains/llvm/prebuilt/linux-x86_64/aarch64-linux-android/lib]
  collapse library dir [/home/vishal/android_tools/android-ndk-r19/toolchains/llvm/prebuilt/linux-x86_64/sysroot/usr/lib] ==> [/home/vishal/android_tools/android-ndk-r19/toolchains/llvm/prebuilt/linux-x86_64/sysroot/usr/lib]
  implicit libs: [gcc;dl;c;gcc;dl]
  implicit dirs: [/home/vishal/android_tools/android-ndk-r19/toolchains/llvm/prebuilt/linux-x86_64/lib64/clang/8.0.2/lib/linux/aarch64;/home/vishal/android_tools/android-ndk-r19/toolchains/llvm/prebuilt/linux-x86_64/lib/gcc/aarch64-linux-android/4.9.x;/home/vishal/android_tools/android-ndk-r19/toolchains/llvm/prebuilt/linux-x86_64/aarch64-linux-android/lib64;/home/vishal/android_tools/android-ndk-r19/toolchains/llvm/prebuilt/linux-x86_64/sysroot/usr/lib/aarch64-linux-android/28;/home/vishal/android_tools/android-ndk-r19/toolchains/llvm/prebuilt/linux-x86_64/sysroot/usr/lib/aarch64-linux-android;/home/vishal/android_tools/android-ndk-r19/toolchains/llvm/prebuilt/linux-x86_64/aarch64-linux-android/lib;/home/vishal/android_tools/android-ndk-r19/toolchains/llvm/prebuilt/linux-x86_64/sysroot/usr/lib]
  implicit fwks: []




Detecting C [-std=c11] compiler features compiled with the following output:
Change Dir: /home/vishal/Github/Software_Design/data_recorder/android/CMakeFiles/CMakeTmp

Run Build Command:"/usr/bin/make" "cmTC_1e7d6/fast"
/usr/bin/make -f CMakeFiles/cmTC_1e7d6.dir/build.make CMakeFiles/cmTC_1e7d6.dir/build
make[1]: Entering directory '/home/vishal/Github/Software_Design/data_recorder/android/CMakeFiles/CMakeTmp'
Building C object CMakeFiles/cmTC_1e7d6.dir/feature_tests.c.o
/home/vishal/android_tools/android-ndk-r19/toolchains/llvm/prebuilt/linux-x86_64/bin/clang --target=aarch64-none-linux-android28 --gcc-toolchain=/home/vishal/android_tools/android-ndk-r19/toolchains/llvm/prebuilt/linux-x86_64   --sysroot /home/vishal/android_tools/android-ndk-r19/toolchains/llvm/prebuilt/linux-x86_64/sysroot -g -DANDROID -fdata-sections -ffunction-sections -funwind-tables -fstack-protector-strong -no-canonical-prefixes -fno-addrsig -Wa,--noexecstack -Wformat -Werror=format-security   -fPIE   -std=c11 -o CMakeFiles/cmTC_1e7d6.dir/feature_tests.c.o   -c /home/vishal/Github/Software_Design/data_recorder/android/CMakeFiles/feature_tests.c
Linking C executable cmTC_1e7d6
/usr/local/lib/python2.7/dist-packages/cmake/data/bin/cmake -E cmake_link_script CMakeFiles/cmTC_1e7d6.dir/link.txt --verbose=1
/home/vishal/android_tools/android-ndk-r19/toolchains/llvm/prebuilt/linux-x86_64/bin/clang --target=aarch64-none-linux-android28 --gcc-toolchain=/home/vishal/android_tools/android-ndk-r19/toolchains/llvm/prebuilt/linux-x86_64 --sysroot /home/vishal/android_tools/android-ndk-r19/toolchains/llvm/prebuilt/linux-x86_64/sysroot -g -DANDROID -fdata-sections -ffunction-sections -funwind-tables -fstack-protector-strong -no-canonical-prefixes -fno-addrsig -Wa,--noexecstack -Wformat -Werror=format-security    -Wl,--exclude-libs,libgcc.a -Wl,--exclude-libs,libatomic.a -static-libstdc++ -Wl,--build-id -Wl,--warn-shared-textrel -Wl,--fatal-warnings -Wl,--no-undefined -Qunused-arguments -Wl,-z,noexecstack -Wl,-z,relro -Wl,-z,now -Wl,--gc-sections   CMakeFiles/cmTC_1e7d6.dir/feature_tests.c.o  -o cmTC_1e7d6 -latomic -lm 
make[1]: Leaving directory '/home/vishal/Github/Software_Design/data_recorder/android/CMakeFiles/CMakeTmp'


    Feature record: C_FEATURE:1c_function_prototypes
    Feature record: C_FEATURE:1c_restrict
    Feature record: C_FEATURE:1c_static_assert
    Feature record: C_FEATURE:1c_variadic_macros


Detecting C [-std=c99] compiler features compiled with the following output:
Change Dir: /home/vishal/Github/Software_Design/data_recorder/android/CMakeFiles/CMakeTmp

Run Build Command:"/usr/bin/make" "cmTC_6518b/fast"
/usr/bin/make -f CMakeFiles/cmTC_6518b.dir/build.make CMakeFiles/cmTC_6518b.dir/build
make[1]: Entering directory '/home/vishal/Github/Software_Design/data_recorder/android/CMakeFiles/CMakeTmp'
Building C object CMakeFiles/cmTC_6518b.dir/feature_tests.c.o
/home/vishal/android_tools/android-ndk-r19/toolchains/llvm/prebuilt/linux-x86_64/bin/clang --target=aarch64-none-linux-android28 --gcc-toolchain=/home/vishal/android_tools/android-ndk-r19/toolchains/llvm/prebuilt/linux-x86_64   --sysroot /home/vishal/android_tools/android-ndk-r19/toolchains/llvm/prebuilt/linux-x86_64/sysroot -g -DANDROID -fdata-sections -ffunction-sections -funwind-tables -fstack-protector-strong -no-canonical-prefixes -fno-addrsig -Wa,--noexecstack -Wformat -Werror=format-security   -fPIE   -std=c99 -o CMakeFiles/cmTC_6518b.dir/feature_tests.c.o   -c /home/vishal/Github/Software_Design/data_recorder/android/CMakeFiles/feature_tests.c
Linking C executable cmTC_6518b
/usr/local/lib/python2.7/dist-packages/cmake/data/bin/cmake -E cmake_link_script CMakeFiles/cmTC_6518b.dir/link.txt --verbose=1
/home/vishal/android_tools/android-ndk-r19/toolchains/llvm/prebuilt/linux-x86_64/bin/clang --target=aarch64-none-linux-android28 --gcc-toolchain=/home/vishal/android_tools/android-ndk-r19/toolchains/llvm/prebuilt/linux-x86_64 --sysroot /home/vishal/android_tools/android-ndk-r19/toolchains/llvm/prebuilt/linux-x86_64/sysroot -g -DANDROID -fdata-sections -ffunction-sections -funwind-tables -fstack-protector-strong -no-canonical-prefixes -fno-addrsig -Wa,--noexecstack -Wformat -Werror=format-security    -Wl,--exclude-libs,libgcc.a -Wl,--exclude-libs,libatomic.a -static-libstdc++ -Wl,--build-id -Wl,--warn-shared-textrel -Wl,--fatal-warnings -Wl,--no-undefined -Qunused-arguments -Wl,-z,noexecstack -Wl,-z,relro -Wl,-z,now -Wl,--gc-sections   CMakeFiles/cmTC_6518b.dir/feature_tests.c.o  -o cmTC_6518b -latomic -lm 
make[1]: Leaving directory '/home/vishal/Github/Software_Design/data_recorder/android/CMakeFiles/CMakeTmp'


    Feature record: C_FEATURE:1c_function_prototypes
    Feature record: C_FEATURE:1c_restrict
    Feature record: C_FEATURE:0c_static_assert
    Feature record: C_FEATURE:1c_variadic_macros


Detecting C [-std=c90] compiler features compiled with the following output:
Change Dir: /home/vishal/Github/Software_Design/data_recorder/android/CMakeFiles/CMakeTmp

Run Build Command:"/usr/bin/make" "cmTC_c258f/fast"
/usr/bin/make -f CMakeFiles/cmTC_c258f.dir/build.make CMakeFiles/cmTC_c258f.dir/build
make[1]: Entering directory '/home/vishal/Github/Software_Design/data_recorder/android/CMakeFiles/CMakeTmp'
Building C object CMakeFiles/cmTC_c258f.dir/feature_tests.c.o
/home/vishal/android_tools/android-ndk-r19/toolchains/llvm/prebuilt/linux-x86_64/bin/clang --target=aarch64-none-linux-android28 --gcc-toolchain=/home/vishal/android_tools/android-ndk-r19/toolchains/llvm/prebuilt/linux-x86_64   --sysroot /home/vishal/android_tools/android-ndk-r19/toolchains/llvm/prebuilt/linux-x86_64/sysroot -g -DANDROID -fdata-sections -ffunction-sections -funwind-tables -fstack-protector-strong -no-canonical-prefixes -fno-addrsig -Wa,--noexecstack -Wformat -Werror=format-security   -fPIE   -std=c90 -o CMakeFiles/cmTC_c258f.dir/feature_tests.c.o   -c /home/vishal/Github/Software_Design/data_recorder/android/CMakeFiles/feature_tests.c
Linking C executable cmTC_c258f
/usr/local/lib/python2.7/dist-packages/cmake/data/bin/cmake -E cmake_link_script CMakeFiles/cmTC_c258f.dir/link.txt --verbose=1
/home/vishal/android_tools/android-ndk-r19/toolchains/llvm/prebuilt/linux-x86_64/bin/clang --target=aarch64-none-linux-android28 --gcc-toolchain=/home/vishal/android_tools/android-ndk-r19/toolchains/llvm/prebuilt/linux-x86_64 --sysroot /home/vishal/android_tools/android-ndk-r19/toolchains/llvm/prebuilt/linux-x86_64/sysroot -g -DANDROID -fdata-sections -ffunction-sections -funwind-tables -fstack-protector-strong -no-canonical-prefixes -fno-addrsig -Wa,--noexecstack -Wformat -Werror=format-security    -Wl,--exclude-libs,libgcc.a -Wl,--exclude-libs,libatomic.a -static-libstdc++ -Wl,--build-id -Wl,--warn-shared-textrel -Wl,--fatal-warnings -Wl,--no-undefined -Qunused-arguments -Wl,-z,noexecstack -Wl,-z,relro -Wl,-z,now -Wl,--gc-sections   CMakeFiles/cmTC_c258f.dir/feature_tests.c.o  -o cmTC_c258f -latomic -lm 
make[1]: Leaving directory '/home/vishal/Github/Software_Design/data_recorder/android/CMakeFiles/CMakeTmp'


    Feature record: C_FEATURE:1c_function_prototypes
    Feature record: C_FEATURE:0c_restrict
    Feature record: C_FEATURE:0c_static_assert
    Feature record: C_FEATURE:0c_variadic_macros
Determining if the CXX compiler works passed with the following output:
Change Dir: /home/vishal/Github/Software_Design/data_recorder/android/CMakeFiles/CMakeTmp

Run Build Command:"/usr/bin/make" "cmTC_ed9f0/fast"
/usr/bin/make -f CMakeFiles/cmTC_ed9f0.dir/build.make CMakeFiles/cmTC_ed9f0.dir/build
make[1]: Entering directory '/home/vishal/Github/Software_Design/data_recorder/android/CMakeFiles/CMakeTmp'
Building CXX object CMakeFiles/cmTC_ed9f0.dir/testCXXCompiler.cxx.o
/home/vishal/android_tools/android-ndk-r19/toolchains/llvm/prebuilt/linux-x86_64/bin/clang++ --target=aarch64-none-linux-android28 --gcc-toolchain=/home/vishal/android_tools/android-ndk-r19/toolchains/llvm/prebuilt/linux-x86_64    --sysroot /home/vishal/android_tools/android-ndk-r19/toolchains/llvm/prebuilt/linux-x86_64/sysroot -g -DANDROID -fdata-sections -ffunction-sections -funwind-tables -fstack-protector-strong -no-canonical-prefixes -fno-addrsig -Wa,--noexecstack -Wformat -Werror=format-security -stdlib=libc++ -fexceptions   -fPIE   -o CMakeFiles/cmTC_ed9f0.dir/testCXXCompiler.cxx.o -c /home/vishal/Github/Software_Design/data_recorder/android/CMakeFiles/CMakeTmp/testCXXCompiler.cxx
Linking CXX executable cmTC_ed9f0
/usr/local/lib/python2.7/dist-packages/cmake/data/bin/cmake -E cmake_link_script CMakeFiles/cmTC_ed9f0.dir/link.txt --verbose=1
/home/vishal/android_tools/android-ndk-r19/toolchains/llvm/prebuilt/linux-x86_64/bin/clang++ --target=aarch64-none-linux-android28 --gcc-toolchain=/home/vishal/android_tools/android-ndk-r19/toolchains/llvm/prebuilt/linux-x86_64  --sysroot /home/vishal/android_tools/android-ndk-r19/toolchains/llvm/prebuilt/linux-x86_64/sysroot -g -DANDROID -fdata-sections -ffunction-sections -funwind-tables -fstack-protector-strong -no-canonical-prefixes -fno-addrsig -Wa,--noexecstack -Wformat -Werror=format-security -stdlib=libc++ -fexceptions    -Wl,--exclude-libs,libgcc.a -Wl,--exclude-libs,libatomic.a -static-libstdc++ -Wl,--build-id -Wl,--warn-shared-textrel -Wl,--fatal-warnings -Wl,--no-undefined -Qunused-arguments -Wl,-z,noexecstack -Wl,-z,relro -Wl,-z,now -Wl,--gc-sections   CMakeFiles/cmTC_ed9f0.dir/testCXXCompiler.cxx.o  -o cmTC_ed9f0 -latomic -lm 
make[1]: Leaving directory '/home/vishal/Github/Software_Design/data_recorder/android/CMakeFiles/CMakeTmp'


Detecting CXX compiler ABI info compiled with the following output:
Change Dir: /home/vishal/Github/Software_Design/data_recorder/android/CMakeFiles/CMakeTmp

Run Build Command:"/usr/bin/make" "cmTC_c842f/fast"
/usr/bin/make -f CMakeFiles/cmTC_c842f.dir/build.make CMakeFiles/cmTC_c842f.dir/build
make[1]: Entering directory '/home/vishal/Github/Software_Design/data_recorder/android/CMakeFiles/CMakeTmp'
Building CXX object CMakeFiles/cmTC_c842f.dir/CMakeCXXCompilerABI.cpp.o
/home/vishal/android_tools/android-ndk-r19/toolchains/llvm/prebuilt/linux-x86_64/bin/clang++ --target=aarch64-none-linux-android28 --gcc-toolchain=/home/vishal/android_tools/android-ndk-r19/toolchains/llvm/prebuilt/linux-x86_64    --sysroot /home/vishal/android_tools/android-ndk-r19/toolchains/llvm/prebuilt/linux-x86_64/sysroot -g -DANDROID -fdata-sections -ffunction-sections -funwind-tables -fstack-protector-strong -no-canonical-prefixes -fno-addrsig -Wa,--noexecstack -Wformat -Werror=format-security -stdlib=libc++ -fexceptions   -fPIE   -o CMakeFiles/cmTC_c842f.dir/CMakeCXXCompilerABI.cpp.o -c /usr/local/lib/python2.7/dist-packages/cmake/data/share/cmake-3.13/Modules/CMakeCXXCompilerABI.cpp
Linking CXX executable cmTC_c842f
/usr/local/lib/python2.7/dist-packages/cmake/data/bin/cmake -E cmake_link_script CMakeFiles/cmTC_c842f.dir/link.txt --verbose=1
/home/vishal/android_tools/android-ndk-r19/toolchains/llvm/prebuilt/linux-x86_64/bin/clang++ --target=aarch64-none-linux-android28 --gcc-toolchain=/home/vishal/android_tools/android-ndk-r19/toolchains/llvm/prebuilt/linux-x86_64  --sysroot /home/vishal/android_tools/android-ndk-r19/toolchains/llvm/prebuilt/linux-x86_64/sysroot -g -DANDROID -fdata-sections -ffunction-sections -funwind-tables -fstack-protector-strong -no-canonical-prefixes -fno-addrsig -Wa,--noexecstack -Wformat -Werror=format-security -stdlib=libc++ -fexceptions    -Wl,--exclude-libs,libgcc.a -Wl,--exclude-libs,libatomic.a -static-libstdc++ -Wl,--build-id -Wl,--warn-shared-textrel -Wl,--fatal-warnings -Wl,--no-undefined -Qunused-arguments -Wl,-z,noexecstack -Wl,-z,relro -Wl,-z,now -Wl,--gc-sections  -v CMakeFiles/cmTC_c842f.dir/CMakeCXXCompilerABI.cpp.o  -o cmTC_c842f 
Android (5058415 based on r339409) clang version 8.0.2 (https://android.googlesource.com/toolchain/clang 40173bab62ec746213857d083c0e8b0abb568790) (https://android.googlesource.com/toolchain/llvm 7a6618d69e7e8111e1d49dc9e7813767c5ca756a) (based on LLVM 8.0.2svn)
Target: aarch64-none-linux-android28
Thread model: posix
InstalledDir: /home/vishal/android_tools/android-ndk-r19/toolchains/llvm/prebuilt/linux-x86_64/bin
Found candidate GCC installation: /home/vishal/android_tools/android-ndk-r19/toolchains/llvm/prebuilt/linux-x86_64/lib/gcc/aarch64-linux-android/4.9.x
Selected GCC installation: /home/vishal/android_tools/android-ndk-r19/toolchains/llvm/prebuilt/linux-x86_64/lib/gcc/aarch64-linux-android/4.9.x
Candidate multilib: .;@m64
Selected multilib: .;@m64
 "/home/vishal/android_tools/android-ndk-r19/toolchains/llvm/prebuilt/linux-x86_64/lib/gcc/aarch64-linux-android/4.9.x/../../../../aarch64-linux-android/bin/ld" --sysroot=/home/vishal/android_tools/android-ndk-r19/toolchains/llvm/prebuilt/linux-x86_64/sysroot -pie --fix-cortex-a53-843419 -z relro --enable-new-dtags --eh-frame-hdr -m aarch64linux -dynamic-linker /system/bin/linker64 -o cmTC_c842f /home/vishal/android_tools/android-ndk-r19/toolchains/llvm/prebuilt/linux-x86_64/sysroot/usr/lib/aarch64-linux-android/28/crtbegin_dynamic.o -L/home/vishal/android_tools/android-ndk-r19/toolchains/llvm/prebuilt/linux-x86_64/lib64/clang/8.0.2/lib/linux/aarch64 -L/home/vishal/android_tools/android-ndk-r19/toolchains/llvm/prebuilt/linux-x86_64/lib/gcc/aarch64-linux-android/4.9.x -L/home/vishal/android_tools/android-ndk-r19/toolchains/llvm/prebuilt/linux-x86_64/lib/gcc/aarch64-linux-android/4.9.x/../../../../aarch64-linux-android/lib/../lib64 -L/home/vishal/android_tools/android-ndk-r19/toolchains/llvm/prebuilt/linux-x86_64/sysroot/usr/lib/aarch64-linux-android/28 -L/home/vishal/android_tools/android-ndk-r19/toolchains/llvm/prebuilt/linux-x86_64/sysroot/usr/lib/aarch64-linux-android -L/home/vishal/android_tools/android-ndk-r19/toolchains/llvm/prebuilt/linux-x86_64/lib/gcc/aarch64-linux-android/4.9.x/../../../../aarch64-linux-android/lib -L/home/vishal/android_tools/android-ndk-r19/toolchains/llvm/prebuilt/linux-x86_64/sysroot/usr/lib --exclude-libs libgcc.a --exclude-libs libatomic.a --build-id --warn-shared-textrel --fatal-warnings --no-undefined -z noexecstack -z relro -z now --gc-sections CMakeFiles/cmTC_c842f.dir/CMakeCXXCompilerABI.cpp.o -Bstatic -lc++ -Bdynamic -lm -lgcc -lgcc -ldl -lc -lgcc -lgcc -ldl /home/vishal/android_tools/android-ndk-r19/toolchains/llvm/prebuilt/linux-x86_64/sysroot/usr/lib/aarch64-linux-android/28/crtend_android.o
make[1]: Leaving directory '/home/vishal/Github/Software_Design/data_recorder/android/CMakeFiles/CMakeTmp'


Parsed CXX implicit link information from above output:
  link line regex: [^( *|.*[/\])(aarch64-linux-android-ld|CMAKE_LINK_STARTFILE-NOTFOUND|([^/\]+-)?ld|collect2)[^/\]*( |$)]
  ignore line: [Change Dir: /home/vishal/Github/Software_Design/data_recorder/android/CMakeFiles/CMakeTmp]
  ignore line: []
  ignore line: [Run Build Command:"/usr/bin/make" "cmTC_c842f/fast"]
  ignore line: [/usr/bin/make -f CMakeFiles/cmTC_c842f.dir/build.make CMakeFiles/cmTC_c842f.dir/build]
  ignore line: [make[1]: Entering directory '/home/vishal/Github/Software_Design/data_recorder/android/CMakeFiles/CMakeTmp']
  ignore line: [Building CXX object CMakeFiles/cmTC_c842f.dir/CMakeCXXCompilerABI.cpp.o]
  ignore line: [/home/vishal/android_tools/android-ndk-r19/toolchains/llvm/prebuilt/linux-x86_64/bin/clang++ --target=aarch64-none-linux-android28 --gcc-toolchain=/home/vishal/android_tools/android-ndk-r19/toolchains/llvm/prebuilt/linux-x86_64    --sysroot /home/vishal/android_tools/android-ndk-r19/toolchains/llvm/prebuilt/linux-x86_64/sysroot -g -DANDROID -fdata-sections -ffunction-sections -funwind-tables -fstack-protector-strong -no-canonical-prefixes -fno-addrsig -Wa,--noexecstack -Wformat -Werror=format-security -stdlib=libc++ -fexceptions   -fPIE   -o CMakeFiles/cmTC_c842f.dir/CMakeCXXCompilerABI.cpp.o -c /usr/local/lib/python2.7/dist-packages/cmake/data/share/cmake-3.13/Modules/CMakeCXXCompilerABI.cpp]
  ignore line: [Linking CXX executable cmTC_c842f]
  ignore line: [/usr/local/lib/python2.7/dist-packages/cmake/data/bin/cmake -E cmake_link_script CMakeFiles/cmTC_c842f.dir/link.txt --verbose=1]
  ignore line: [/home/vishal/android_tools/android-ndk-r19/toolchains/llvm/prebuilt/linux-x86_64/bin/clang++ --target=aarch64-none-linux-android28 --gcc-toolchain=/home/vishal/android_tools/android-ndk-r19/toolchains/llvm/prebuilt/linux-x86_64  --sysroot /home/vishal/android_tools/android-ndk-r19/toolchains/llvm/prebuilt/linux-x86_64/sysroot -g -DANDROID -fdata-sections -ffunction-sections -funwind-tables -fstack-protector-strong -no-canonical-prefixes -fno-addrsig -Wa,--noexecstack -Wformat -Werror=format-security -stdlib=libc++ -fexceptions    -Wl,--exclude-libs,libgcc.a -Wl,--exclude-libs,libatomic.a -static-libstdc++ -Wl,--build-id -Wl,--warn-shared-textrel -Wl,--fatal-warnings -Wl,--no-undefined -Qunused-arguments -Wl,-z,noexecstack -Wl,-z,relro -Wl,-z,now -Wl,--gc-sections  -v CMakeFiles/cmTC_c842f.dir/CMakeCXXCompilerABI.cpp.o  -o cmTC_c842f ]
  ignore line: [Android (5058415 based on r339409) clang version 8.0.2 (https://android.googlesource.com/toolchain/clang 40173bab62ec746213857d083c0e8b0abb568790) (https://android.googlesource.com/toolchain/llvm 7a6618d69e7e8111e1d49dc9e7813767c5ca756a) (based on LLVM 8.0.2svn)]
  ignore line: [Target: aarch64-none-linux-android28]
  ignore line: [Thread model: posix]
  ignore line: [InstalledDir: /home/vishal/android_tools/android-ndk-r19/toolchains/llvm/prebuilt/linux-x86_64/bin]
  ignore line: [Found candidate GCC installation: /home/vishal/android_tools/android-ndk-r19/toolchains/llvm/prebuilt/linux-x86_64/lib/gcc/aarch64-linux-android/4.9.x]
  ignore line: [Selected GCC installation: /home/vishal/android_tools/android-ndk-r19/toolchains/llvm/prebuilt/linux-x86_64/lib/gcc/aarch64-linux-android/4.9.x]
  ignore line: [Candidate multilib: .]
  ignore line: [@m64]
  ignore line: [Selected multilib: .]
  ignore line: [@m64]
  link line: [ "/home/vishal/android_tools/android-ndk-r19/toolchains/llvm/prebuilt/linux-x86_64/lib/gcc/aarch64-linux-android/4.9.x/../../../../aarch64-linux-android/bin/ld" --sysroot=/home/vishal/android_tools/android-ndk-r19/toolchains/llvm/prebuilt/linux-x86_64/sysroot -pie --fix-cortex-a53-843419 -z relro --enable-new-dtags --eh-frame-hdr -m aarch64linux -dynamic-linker /system/bin/linker64 -o cmTC_c842f /home/vishal/android_tools/android-ndk-r19/toolchains/llvm/prebuilt/linux-x86_64/sysroot/usr/lib/aarch64-linux-android/28/crtbegin_dynamic.o -L/home/vishal/android_tools/android-ndk-r19/toolchains/llvm/prebuilt/linux-x86_64/lib64/clang/8.0.2/lib/linux/aarch64 -L/home/vishal/android_tools/android-ndk-r19/toolchains/llvm/prebuilt/linux-x86_64/lib/gcc/aarch64-linux-android/4.9.x -L/home/vishal/android_tools/android-ndk-r19/toolchains/llvm/prebuilt/linux-x86_64/lib/gcc/aarch64-linux-android/4.9.x/../../../../aarch64-linux-android/lib/../lib64 -L/home/vishal/android_tools/android-ndk-r19/toolchains/llvm/prebuilt/linux-x86_64/sysroot/usr/lib/aarch64-linux-android/28 -L/home/vishal/android_tools/android-ndk-r19/toolchains/llvm/prebuilt/linux-x86_64/sysroot/usr/lib/aarch64-linux-android -L/home/vishal/android_tools/android-ndk-r19/toolchains/llvm/prebuilt/linux-x86_64/lib/gcc/aarch64-linux-android/4.9.x/../../../../aarch64-linux-android/lib -L/home/vishal/android_tools/android-ndk-r19/toolchains/llvm/prebuilt/linux-x86_64/sysroot/usr/lib --exclude-libs libgcc.a --exclude-libs libatomic.a --build-id --warn-shared-textrel --fatal-warnings --no-undefined -z noexecstack -z relro -z now --gc-sections CMakeFiles/cmTC_c842f.dir/CMakeCXXCompilerABI.cpp.o -Bstatic -lc++ -Bdynamic -lm -lgcc -lgcc -ldl -lc -lgcc -lgcc -ldl /home/vishal/android_tools/android-ndk-r19/toolchains/llvm/prebuilt/linux-x86_64/sysroot/usr/lib/aarch64-linux-android/28/crtend_android.o]
    arg [/home/vishal/android_tools/android-ndk-r19/toolchains/llvm/prebuilt/linux-x86_64/lib/gcc/aarch64-linux-android/4.9.x/../../../../aarch64-linux-android/bin/ld] ==> ignore
    arg [--sysroot=/home/vishal/android_tools/android-ndk-r19/toolchains/llvm/prebuilt/linux-x86_64/sysroot] ==> ignore
    arg [-pie] ==> ignore
    arg [--fix-cortex-a53-843419] ==> ignore
    arg [-zrelro] ==> ignore
    arg [--enable-new-dtags] ==> ignore
    arg [--eh-frame-hdr] ==> ignore
    arg [-m] ==> ignore
    arg [aarch64linux] ==> ignore
    arg [-dynamic-linker] ==> ignore
    arg [/system/bin/linker64] ==> ignore
    arg [-o] ==> ignore
    arg [cmTC_c842f] ==> ignore
    arg [/home/vishal/android_tools/android-ndk-r19/toolchains/llvm/prebuilt/linux-x86_64/sysroot/usr/lib/aarch64-linux-android/28/crtbegin_dynamic.o] ==> ignore
    arg [-L/home/vishal/android_tools/android-ndk-r19/toolchains/llvm/prebuilt/linux-x86_64/lib64/clang/8.0.2/lib/linux/aarch64] ==> dir [/home/vishal/android_tools/android-ndk-r19/toolchains/llvm/prebuilt/linux-x86_64/lib64/clang/8.0.2/lib/linux/aarch64]
    arg [-L/home/vishal/android_tools/android-ndk-r19/toolchains/llvm/prebuilt/linux-x86_64/lib/gcc/aarch64-linux-android/4.9.x] ==> dir [/home/vishal/android_tools/android-ndk-r19/toolchains/llvm/prebuilt/linux-x86_64/lib/gcc/aarch64-linux-android/4.9.x]
    arg [-L/home/vishal/android_tools/android-ndk-r19/toolchains/llvm/prebuilt/linux-x86_64/lib/gcc/aarch64-linux-android/4.9.x/../../../../aarch64-linux-android/lib/../lib64] ==> dir [/home/vishal/android_tools/android-ndk-r19/toolchains/llvm/prebuilt/linux-x86_64/lib/gcc/aarch64-linux-android/4.9.x/../../../../aarch64-linux-android/lib/../lib64]
    arg [-L/home/vishal/android_tools/android-ndk-r19/toolchains/llvm/prebuilt/linux-x86_64/sysroot/usr/lib/aarch64-linux-android/28] ==> dir [/home/vishal/android_tools/android-ndk-r19/toolchains/llvm/prebuilt/linux-x86_64/sysroot/usr/lib/aarch64-linux-android/28]
    arg [-L/home/vishal/android_tools/android-ndk-r19/toolchains/llvm/prebuilt/linux-x86_64/sysroot/usr/lib/aarch64-linux-android] ==> dir [/home/vishal/android_tools/android-ndk-r19/toolchains/llvm/prebuilt/linux-x86_64/sysroot/usr/lib/aarch64-linux-android]
    arg [-L/home/vishal/android_tools/android-ndk-r19/toolchains/llvm/prebuilt/linux-x86_64/lib/gcc/aarch64-linux-android/4.9.x/../../../../aarch64-linux-android/lib] ==> dir [/home/vishal/android_tools/android-ndk-r19/toolchains/llvm/prebuilt/linux-x86_64/lib/gcc/aarch64-linux-android/4.9.x/../../../../aarch64-linux-android/lib]
    arg [-L/home/vishal/android_tools/android-ndk-r19/toolchains/llvm/prebuilt/linux-x86_64/sysroot/usr/lib] ==> dir [/home/vishal/android_tools/android-ndk-r19/toolchains/llvm/prebuilt/linux-x86_64/sysroot/usr/lib]
    arg [--exclude-libs] ==> ignore
    arg [libgcc.a] ==> ignore
    arg [--exclude-libs] ==> ignore
    arg [libatomic.a] ==> ignore
    arg [--build-id] ==> ignore
    arg [--warn-shared-textrel] ==> ignore
    arg [--fatal-warnings] ==> ignore
    arg [--no-undefined] ==> ignore
    arg [-znoexecstack] ==> ignore
    arg [-zrelro] ==> ignore
    arg [-znow] ==> ignore
    arg [--gc-sections] ==> ignore
    arg [CMakeFiles/cmTC_c842f.dir/CMakeCXXCompilerABI.cpp.o] ==> ignore
    arg [-Bstatic] ==> ignore
    arg [-lc++] ==> lib [c++]
    arg [-Bdynamic] ==> ignore
    arg [-lm] ==> lib [m]
    arg [-lgcc] ==> lib [gcc]
    arg [-lgcc] ==> lib [gcc]
    arg [-ldl] ==> lib [dl]
    arg [-lc] ==> lib [c]
    arg [-lgcc] ==> lib [gcc]
    arg [-lgcc] ==> lib [gcc]
    arg [-ldl] ==> lib [dl]
    arg [/home/vishal/android_tools/android-ndk-r19/toolchains/llvm/prebuilt/linux-x86_64/sysroot/usr/lib/aarch64-linux-android/28/crtend_android.o] ==> ignore
  collapse library dir [/home/vishal/android_tools/android-ndk-r19/toolchains/llvm/prebuilt/linux-x86_64/lib64/clang/8.0.2/lib/linux/aarch64] ==> [/home/vishal/android_tools/android-ndk-r19/toolchains/llvm/prebuilt/linux-x86_64/lib64/clang/8.0.2/lib/linux/aarch64]
  collapse library dir [/home/vishal/android_tools/android-ndk-r19/toolchains/llvm/prebuilt/linux-x86_64/lib/gcc/aarch64-linux-android/4.9.x] ==> [/home/vishal/android_tools/android-ndk-r19/toolchains/llvm/prebuilt/linux-x86_64/lib/gcc/aarch64-linux-android/4.9.x]
  collapse library dir [/home/vishal/android_tools/android-ndk-r19/toolchains/llvm/prebuilt/linux-x86_64/lib/gcc/aarch64-linux-android/4.9.x/../../../../aarch64-linux-android/lib/../lib64] ==> [/home/vishal/android_tools/android-ndk-r19/toolchains/llvm/prebuilt/linux-x86_64/aarch64-linux-android/lib64]
  collapse library dir [/home/vishal/android_tools/android-ndk-r19/toolchains/llvm/prebuilt/linux-x86_64/sysroot/usr/lib/aarch64-linux-android/28] ==> [/home/vishal/android_tools/android-ndk-r19/toolchains/llvm/prebuilt/linux-x86_64/sysroot/usr/lib/aarch64-linux-android/28]
  collapse library dir [/home/vishal/android_tools/android-ndk-r19/toolchains/llvm/prebuilt/linux-x86_64/sysroot/usr/lib/aarch64-linux-android] ==> [/home/vishal/android_tools/android-ndk-r19/toolchains/llvm/prebuilt/linux-x86_64/sysroot/usr/lib/aarch64-linux-android]
  collapse library dir [/home/vishal/android_tools/android-ndk-r19/toolchains/llvm/prebuilt/linux-x86_64/lib/gcc/aarch64-linux-android/4.9.x/../../../../aarch64-linux-android/lib] ==> [/home/vishal/android_tools/android-ndk-r19/toolchains/llvm/prebuilt/linux-x86_64/aarch64-linux-android/lib]
  collapse library dir [/home/vishal/android_tools/android-ndk-r19/toolchains/llvm/prebuilt/linux-x86_64/sysroot/usr/lib] ==> [/home/vishal/android_tools/android-ndk-r19/toolchains/llvm/prebuilt/linux-x86_64/sysroot/usr/lib]
  implicit libs: [c++;m;gcc;gcc;dl;c;gcc;gcc;dl]
  implicit dirs: [/home/vishal/android_tools/android-ndk-r19/toolchains/llvm/prebuilt/linux-x86_64/lib64/clang/8.0.2/lib/linux/aarch64;/home/vishal/android_tools/android-ndk-r19/toolchains/llvm/prebuilt/linux-x86_64/lib/gcc/aarch64-linux-android/4.9.x;/home/vishal/android_tools/android-ndk-r19/toolchains/llvm/prebuilt/linux-x86_64/aarch64-linux-android/lib64;/home/vishal/android_tools/android-ndk-r19/toolchains/llvm/prebuilt/linux-x86_64/sysroot/usr/lib/aarch64-linux-android/28;/home/vishal/android_tools/android-ndk-r19/toolchains/llvm/prebuilt/linux-x86_64/sysroot/usr/lib/aarch64-linux-android;/home/vishal/android_tools/android-ndk-r19/toolchains/llvm/prebuilt/linux-x86_64/aarch64-linux-android/lib;/home/vishal/android_tools/android-ndk-r19/toolchains/llvm/prebuilt/linux-x86_64/sysroot/usr/lib]
  implicit fwks: []




Detecting CXX [-std=c++2a] compiler features compiled with the following output:
Change Dir: /home/vishal/Github/Software_Design/data_recorder/android/CMakeFiles/CMakeTmp

Run Build Command:"/usr/bin/make" "cmTC_dd340/fast"
/usr/bin/make -f CMakeFiles/cmTC_dd340.dir/build.make CMakeFiles/cmTC_dd340.dir/build
make[1]: Entering directory '/home/vishal/Github/Software_Design/data_recorder/android/CMakeFiles/CMakeTmp'
Building CXX object CMakeFiles/cmTC_dd340.dir/feature_tests.cxx.o
/home/vishal/android_tools/android-ndk-r19/toolchains/llvm/prebuilt/linux-x86_64/bin/clang++ --target=aarch64-none-linux-android28 --gcc-toolchain=/home/vishal/android_tools/android-ndk-r19/toolchains/llvm/prebuilt/linux-x86_64    --sysroot /home/vishal/android_tools/android-ndk-r19/toolchains/llvm/prebuilt/linux-x86_64/sysroot -g -DANDROID -fdata-sections -ffunction-sections -funwind-tables -fstack-protector-strong -no-canonical-prefixes -fno-addrsig -Wa,--noexecstack -Wformat -Werror=format-security -stdlib=libc++ -fexceptions   -fPIE   -std=c++2a -o CMakeFiles/cmTC_dd340.dir/feature_tests.cxx.o -c /home/vishal/Github/Software_Design/data_recorder/android/CMakeFiles/feature_tests.cxx
Linking CXX executable cmTC_dd340
/usr/local/lib/python2.7/dist-packages/cmake/data/bin/cmake -E cmake_link_script CMakeFiles/cmTC_dd340.dir/link.txt --verbose=1
/home/vishal/android_tools/android-ndk-r19/toolchains/llvm/prebuilt/linux-x86_64/bin/clang++ --target=aarch64-none-linux-android28 --gcc-toolchain=/home/vishal/android_tools/android-ndk-r19/toolchains/llvm/prebuilt/linux-x86_64  --sysroot /home/vishal/android_tools/android-ndk-r19/toolchains/llvm/prebuilt/linux-x86_64/sysroot -g -DANDROID -fdata-sections -ffunction-sections -funwind-tables -fstack-protector-strong -no-canonical-prefixes -fno-addrsig -Wa,--noexecstack -Wformat -Werror=format-security -stdlib=libc++ -fexceptions    -Wl,--exclude-libs,libgcc.a -Wl,--exclude-libs,libatomic.a -static-libstdc++ -Wl,--build-id -Wl,--warn-shared-textrel -Wl,--fatal-warnings -Wl,--no-undefined -Qunused-arguments -Wl,-z,noexecstack -Wl,-z,relro -Wl,-z,now -Wl,--gc-sections   CMakeFiles/cmTC_dd340.dir/feature_tests.cxx.o  -o cmTC_dd340 -latomic -lm 
make[1]: Leaving directory '/home/vishal/Github/Software_Design/data_recorder/android/CMakeFiles/CMakeTmp'


    Feature record: CXX_FEATURE:1cxx_aggregate_default_initializers
    Feature record: CXX_FEATURE:1cxx_alias_templates
    Feature record: CXX_FEATURE:1cxx_alignas
    Feature record: CXX_FEATURE:1cxx_alignof
    Feature record: CXX_FEATURE:1cxx_attributes
    Feature record: CXX_FEATURE:1cxx_attribute_deprecated
    Feature record: CXX_FEATURE:1cxx_auto_type
    Feature record: CXX_FEATURE:1cxx_binary_literals
    Feature record: CXX_FEATURE:1cxx_constexpr
    Feature record: CXX_FEATURE:1cxx_contextual_conversions
    Feature record: CXX_FEATURE:1cxx_decltype
    Feature record: CXX_FEATURE:1cxx_decltype_auto
    Feature record: CXX_FEATURE:1cxx_decltype_incomplete_return_types
    Feature record: CXX_FEATURE:1cxx_default_function_template_args
    Feature record: CXX_FEATURE:1cxx_defaulted_functions
    Feature record: CXX_FEATURE:1cxx_defaulted_move_initializers
    Feature record: CXX_FEATURE:1cxx_delegating_constructors
    Feature record: CXX_FEATURE:1cxx_deleted_functions
    Feature record: CXX_FEATURE:1cxx_digit_separators
    Feature record: CXX_FEATURE:1cxx_enum_forward_declarations
    Feature record: CXX_FEATURE:1cxx_explicit_conversions
    Feature record: CXX_FEATURE:1cxx_extended_friend_declarations
    Feature record: CXX_FEATURE:1cxx_extern_templates
    Feature record: CXX_FEATURE:1cxx_final
    Feature record: CXX_FEATURE:1cxx_func_identifier
    Feature record: CXX_FEATURE:1cxx_generalized_initializers
    Feature record: CXX_FEATURE:1cxx_generic_lambdas
    Feature record: CXX_FEATURE:1cxx_inheriting_constructors
    Feature record: CXX_FEATURE:1cxx_inline_namespaces
    Feature record: CXX_FEATURE:1cxx_lambdas
    Feature record: CXX_FEATURE:1cxx_lambda_init_captures
    Feature record: CXX_FEATURE:1cxx_local_type_template_args
    Feature record: CXX_FEATURE:1cxx_long_long_type
    Feature record: CXX_FEATURE:1cxx_noexcept
    Feature record: CXX_FEATURE:1cxx_nonstatic_member_init
    Feature record: CXX_FEATURE:1cxx_nullptr
    Feature record: CXX_FEATURE:1cxx_override
    Feature record: CXX_FEATURE:1cxx_range_for
    Feature record: CXX_FEATURE:1cxx_raw_string_literals
    Feature record: CXX_FEATURE:1cxx_reference_qualified_functions
    Feature record: CXX_FEATURE:1cxx_relaxed_constexpr
    Feature record: CXX_FEATURE:1cxx_return_type_deduction
    Feature record: CXX_FEATURE:1cxx_right_angle_brackets
    Feature record: CXX_FEATURE:1cxx_rvalue_references
    Feature record: CXX_FEATURE:1cxx_sizeof_member
    Feature record: CXX_FEATURE:1cxx_static_assert
    Feature record: CXX_FEATURE:1cxx_strong_enums
    Feature record: CXX_FEATURE:1cxx_template_template_parameters
    Feature record: CXX_FEATURE:1cxx_thread_local
    Feature record: CXX_FEATURE:1cxx_trailing_return_types
    Feature record: CXX_FEATURE:1cxx_unicode_literals
    Feature record: CXX_FEATURE:1cxx_uniform_initialization
    Feature record: CXX_FEATURE:1cxx_unrestricted_unions
    Feature record: CXX_FEATURE:1cxx_user_literals
    Feature record: CXX_FEATURE:1cxx_variable_templates
    Feature record: CXX_FEATURE:1cxx_variadic_macros
    Feature record: CXX_FEATURE:1cxx_variadic_templates


Detecting CXX [-std=c++17] compiler features compiled with the following output:
Change Dir: /home/vishal/Github/Software_Design/data_recorder/android/CMakeFiles/CMakeTmp

Run Build Command:"/usr/bin/make" "cmTC_7e203/fast"
/usr/bin/make -f CMakeFiles/cmTC_7e203.dir/build.make CMakeFiles/cmTC_7e203.dir/build
make[1]: Entering directory '/home/vishal/Github/Software_Design/data_recorder/android/CMakeFiles/CMakeTmp'
Building CXX object CMakeFiles/cmTC_7e203.dir/feature_tests.cxx.o
/home/vishal/android_tools/android-ndk-r19/toolchains/llvm/prebuilt/linux-x86_64/bin/clang++ --target=aarch64-none-linux-android28 --gcc-toolchain=/home/vishal/android_tools/android-ndk-r19/toolchains/llvm/prebuilt/linux-x86_64    --sysroot /home/vishal/android_tools/android-ndk-r19/toolchains/llvm/prebuilt/linux-x86_64/sysroot -g -DANDROID -fdata-sections -ffunction-sections -funwind-tables -fstack-protector-strong -no-canonical-prefixes -fno-addrsig -Wa,--noexecstack -Wformat -Werror=format-security -stdlib=libc++ -fexceptions   -fPIE   -std=c++17 -o CMakeFiles/cmTC_7e203.dir/feature_tests.cxx.o -c /home/vishal/Github/Software_Design/data_recorder/android/CMakeFiles/feature_tests.cxx
Linking CXX executable cmTC_7e203
/usr/local/lib/python2.7/dist-packages/cmake/data/bin/cmake -E cmake_link_script CMakeFiles/cmTC_7e203.dir/link.txt --verbose=1
/home/vishal/android_tools/android-ndk-r19/toolchains/llvm/prebuilt/linux-x86_64/bin/clang++ --target=aarch64-none-linux-android28 --gcc-toolchain=/home/vishal/android_tools/android-ndk-r19/toolchains/llvm/prebuilt/linux-x86_64  --sysroot /home/vishal/android_tools/android-ndk-r19/toolchains/llvm/prebuilt/linux-x86_64/sysroot -g -DANDROID -fdata-sections -ffunction-sections -funwind-tables -fstack-protector-strong -no-canonical-prefixes -fno-addrsig -Wa,--noexecstack -Wformat -Werror=format-security -stdlib=libc++ -fexceptions    -Wl,--exclude-libs,libgcc.a -Wl,--exclude-libs,libatomic.a -static-libstdc++ -Wl,--build-id -Wl,--warn-shared-textrel -Wl,--fatal-warnings -Wl,--no-undefined -Qunused-arguments -Wl,-z,noexecstack -Wl,-z,relro -Wl,-z,now -Wl,--gc-sections   CMakeFiles/cmTC_7e203.dir/feature_tests.cxx.o  -o cmTC_7e203 -latomic -lm 
make[1]: Leaving directory '/home/vishal/Github/Software_Design/data_recorder/android/CMakeFiles/CMakeTmp'


    Feature record: CXX_FEATURE:1cxx_aggregate_default_initializers
    Feature record: CXX_FEATURE:1cxx_alias_templates
    Feature record: CXX_FEATURE:1cxx_alignas
    Feature record: CXX_FEATURE:1cxx_alignof
    Feature record: CXX_FEATURE:1cxx_attributes
    Feature record: CXX_FEATURE:1cxx_attribute_deprecated
    Feature record: CXX_FEATURE:1cxx_auto_type
    Feature record: CXX_FEATURE:1cxx_binary_literals
    Feature record: CXX_FEATURE:1cxx_constexpr
    Feature record: CXX_FEATURE:1cxx_contextual_conversions
    Feature record: CXX_FEATURE:1cxx_decltype
    Feature record: CXX_FEATURE:1cxx_decltype_auto
    Feature record: CXX_FEATURE:1cxx_decltype_incomplete_return_types
    Feature record: CXX_FEATURE:1cxx_default_function_template_args
    Feature record: CXX_FEATURE:1cxx_defaulted_functions
    Feature record: CXX_FEATURE:1cxx_defaulted_move_initializers
    Feature record: CXX_FEATURE:1cxx_delegating_constructors
    Feature record: CXX_FEATURE:1cxx_deleted_functions
    Feature record: CXX_FEATURE:1cxx_digit_separators
    Feature record: CXX_FEATURE:1cxx_enum_forward_declarations
    Feature record: CXX_FEATURE:1cxx_explicit_conversions
    Feature record: CXX_FEATURE:1cxx_extended_friend_declarations
    Feature record: CXX_FEATURE:1cxx_extern_templates
    Feature record: CXX_FEATURE:1cxx_final
    Feature record: CXX_FEATURE:1cxx_func_identifier
    Feature record: CXX_FEATURE:1cxx_generalized_initializers
    Feature record: CXX_FEATURE:1cxx_generic_lambdas
    Feature record: CXX_FEATURE:1cxx_inheriting_constructors
    Feature record: CXX_FEATURE:1cxx_inline_namespaces
    Feature record: CXX_FEATURE:1cxx_lambdas
    Feature record: CXX_FEATURE:1cxx_lambda_init_captures
    Feature record: CXX_FEATURE:1cxx_local_type_template_args
    Feature record: CXX_FEATURE:1cxx_long_long_type
    Feature record: CXX_FEATURE:1cxx_noexcept
    Feature record: CXX_FEATURE:1cxx_nonstatic_member_init
    Feature record: CXX_FEATURE:1cxx_nullptr
    Feature record: CXX_FEATURE:1cxx_override
    Feature record: CXX_FEATURE:1cxx_range_for
    Feature record: CXX_FEATURE:1cxx_raw_string_literals
    Feature record: CXX_FEATURE:1cxx_reference_qualified_functions
    Feature record: CXX_FEATURE:1cxx_relaxed_constexpr
    Feature record: CXX_FEATURE:1cxx_return_type_deduction
    Feature record: CXX_FEATURE:1cxx_right_angle_brackets
    Feature record: CXX_FEATURE:1cxx_rvalue_references
    Feature record: CXX_FEATURE:1cxx_sizeof_member
    Feature record: CXX_FEATURE:1cxx_static_assert
    Feature record: CXX_FEATURE:1cxx_strong_enums
    Feature record: CXX_FEATURE:1cxx_template_template_parameters
    Feature record: CXX_FEATURE:1cxx_thread_local
    Feature record: CXX_FEATURE:1cxx_trailing_return_types
    Feature record: CXX_FEATURE:1cxx_unicode_literals
    Feature record: CXX_FEATURE:1cxx_uniform_initialization
    Feature record: CXX_FEATURE:1cxx_unrestricted_unions
    Feature record: CXX_FEATURE:1cxx_user_literals
    Feature record: CXX_FEATURE:1cxx_variable_templates
    Feature record: CXX_FEATURE:1cxx_variadic_macros
    Feature record: CXX_FEATURE:1cxx_variadic_templates


Detecting CXX [-std=c++14] compiler features compiled with the following output:
Change Dir: /home/vishal/Github/Software_Design/data_recorder/android/CMakeFiles/CMakeTmp

Run Build Command:"/usr/bin/make" "cmTC_9d99d/fast"
/usr/bin/make -f CMakeFiles/cmTC_9d99d.dir/build.make CMakeFiles/cmTC_9d99d.dir/build
make[1]: Entering directory '/home/vishal/Github/Software_Design/data_recorder/android/CMakeFiles/CMakeTmp'
Building CXX object CMakeFiles/cmTC_9d99d.dir/feature_tests.cxx.o
/home/vishal/android_tools/android-ndk-r19/toolchains/llvm/prebuilt/linux-x86_64/bin/clang++ --target=aarch64-none-linux-android28 --gcc-toolchain=/home/vishal/android_tools/android-ndk-r19/toolchains/llvm/prebuilt/linux-x86_64    --sysroot /home/vishal/android_tools/android-ndk-r19/toolchains/llvm/prebuilt/linux-x86_64/sysroot -g -DANDROID -fdata-sections -ffunction-sections -funwind-tables -fstack-protector-strong -no-canonical-prefixes -fno-addrsig -Wa,--noexecstack -Wformat -Werror=format-security -stdlib=libc++ -fexceptions   -fPIE   -std=c++14 -o CMakeFiles/cmTC_9d99d.dir/feature_tests.cxx.o -c /home/vishal/Github/Software_Design/data_recorder/android/CMakeFiles/feature_tests.cxx
Linking CXX executable cmTC_9d99d
/usr/local/lib/python2.7/dist-packages/cmake/data/bin/cmake -E cmake_link_script CMakeFiles/cmTC_9d99d.dir/link.txt --verbose=1
/home/vishal/android_tools/android-ndk-r19/toolchains/llvm/prebuilt/linux-x86_64/bin/clang++ --target=aarch64-none-linux-android28 --gcc-toolchain=/home/vishal/android_tools/android-ndk-r19/toolchains/llvm/prebuilt/linux-x86_64  --sysroot /home/vishal/android_tools/android-ndk-r19/toolchains/llvm/prebuilt/linux-x86_64/sysroot -g -DANDROID -fdata-sections -ffunction-sections -funwind-tables -fstack-protector-strong -no-canonical-prefixes -fno-addrsig -Wa,--noexecstack -Wformat -Werror=format-security -stdlib=libc++ -fexceptions    -Wl,--exclude-libs,libgcc.a -Wl,--exclude-libs,libatomic.a -static-libstdc++ -Wl,--build-id -Wl,--warn-shared-textrel -Wl,--fatal-warnings -Wl,--no-undefined -Qunused-arguments -Wl,-z,noexecstack -Wl,-z,relro -Wl,-z,now -Wl,--gc-sections   CMakeFiles/cmTC_9d99d.dir/feature_tests.cxx.o  -o cmTC_9d99d -latomic -lm 
make[1]: Leaving directory '/home/vishal/Github/Software_Design/data_recorder/android/CMakeFiles/CMakeTmp'


    Feature record: CXX_FEATURE:1cxx_aggregate_default_initializers
    Feature record: CXX_FEATURE:1cxx_alias_templates
    Feature record: CXX_FEATURE:1cxx_alignas
    Feature record: CXX_FEATURE:1cxx_alignof
    Feature record: CXX_FEATURE:1cxx_attributes
    Feature record: CXX_FEATURE:1cxx_attribute_deprecated
    Feature record: CXX_FEATURE:1cxx_auto_type
    Feature record: CXX_FEATURE:1cxx_binary_literals
    Feature record: CXX_FEATURE:1cxx_constexpr
    Feature record: CXX_FEATURE:1cxx_contextual_conversions
    Feature record: CXX_FEATURE:1cxx_decltype
    Feature record: CXX_FEATURE:1cxx_decltype_auto
    Feature record: CXX_FEATURE:1cxx_decltype_incomplete_return_types
    Feature record: CXX_FEATURE:1cxx_default_function_template_args
    Feature record: CXX_FEATURE:1cxx_defaulted_functions
    Feature record: CXX_FEATURE:1cxx_defaulted_move_initializers
    Feature record: CXX_FEATURE:1cxx_delegating_constructors
    Feature record: CXX_FEATURE:1cxx_deleted_functions
    Feature record: CXX_FEATURE:1cxx_digit_separators
    Feature record: CXX_FEATURE:1cxx_enum_forward_declarations
    Feature record: CXX_FEATURE:1cxx_explicit_conversions
    Feature record: CXX_FEATURE:1cxx_extended_friend_declarations
    Feature record: CXX_FEATURE:1cxx_extern_templates
    Feature record: CXX_FEATURE:1cxx_final
    Feature record: CXX_FEATURE:1cxx_func_identifier
    Feature record: CXX_FEATURE:1cxx_generalized_initializers
    Feature record: CXX_FEATURE:1cxx_generic_lambdas
    Feature record: CXX_FEATURE:1cxx_inheriting_constructors
    Feature record: CXX_FEATURE:1cxx_inline_namespaces
    Feature record: CXX_FEATURE:1cxx_lambdas
    Feature record: CXX_FEATURE:1cxx_lambda_init_captures
    Feature record: CXX_FEATURE:1cxx_local_type_template_args
    Feature record: CXX_FEATURE:1cxx_long_long_type
    Feature record: CXX_FEATURE:1cxx_noexcept
    Feature record: CXX_FEATURE:1cxx_nonstatic_member_init
    Feature record: CXX_FEATURE:1cxx_nullptr
    Feature record: CXX_FEATURE:1cxx_override
    Feature record: CXX_FEATURE:1cxx_range_for
    Feature record: CXX_FEATURE:1cxx_raw_string_literals
    Feature record: CXX_FEATURE:1cxx_reference_qualified_functions
    Feature record: CXX_FEATURE:1cxx_relaxed_constexpr
    Feature record: CXX_FEATURE:1cxx_return_type_deduction
    Feature record: CXX_FEATURE:1cxx_right_angle_brackets
    Feature record: CXX_FEATURE:1cxx_rvalue_references
    Feature record: CXX_FEATURE:1cxx_sizeof_member
    Feature record: CXX_FEATURE:1cxx_static_assert
    Feature record: CXX_FEATURE:1cxx_strong_enums
    Feature record: CXX_FEATURE:1cxx_template_template_parameters
    Feature record: CXX_FEATURE:1cxx_thread_local
    Feature record: CXX_FEATURE:1cxx_trailing_return_types
    Feature record: CXX_FEATURE:1cxx_unicode_literals
    Feature record: CXX_FEATURE:1cxx_uniform_initialization
    Feature record: CXX_FEATURE:1cxx_unrestricted_unions
    Feature record: CXX_FEATURE:1cxx_user_literals
    Feature record: CXX_FEATURE:1cxx_variable_templates
    Feature record: CXX_FEATURE:1cxx_variadic_macros
    Feature record: CXX_FEATURE:1cxx_variadic_templates


Detecting CXX [-std=c++11] compiler features compiled with the following output:
Change Dir: /home/vishal/Github/Software_Design/data_recorder/android/CMakeFiles/CMakeTmp

Run Build Command:"/usr/bin/make" "cmTC_a6200/fast"
/usr/bin/make -f CMakeFiles/cmTC_a6200.dir/build.make CMakeFiles/cmTC_a6200.dir/build
make[1]: Entering directory '/home/vishal/Github/Software_Design/data_recorder/android/CMakeFiles/CMakeTmp'
Building CXX object CMakeFiles/cmTC_a6200.dir/feature_tests.cxx.o
/home/vishal/android_tools/android-ndk-r19/toolchains/llvm/prebuilt/linux-x86_64/bin/clang++ --target=aarch64-none-linux-android28 --gcc-toolchain=/home/vishal/android_tools/android-ndk-r19/toolchains/llvm/prebuilt/linux-x86_64    --sysroot /home/vishal/android_tools/android-ndk-r19/toolchains/llvm/prebuilt/linux-x86_64/sysroot -g -DANDROID -fdata-sections -ffunction-sections -funwind-tables -fstack-protector-strong -no-canonical-prefixes -fno-addrsig -Wa,--noexecstack -Wformat -Werror=format-security -stdlib=libc++ -fexceptions   -fPIE   -std=c++11 -o CMakeFiles/cmTC_a6200.dir/feature_tests.cxx.o -c /home/vishal/Github/Software_Design/data_recorder/android/CMakeFiles/feature_tests.cxx
Linking CXX executable cmTC_a6200
/usr/local/lib/python2.7/dist-packages/cmake/data/bin/cmake -E cmake_link_script CMakeFiles/cmTC_a6200.dir/link.txt --verbose=1
/home/vishal/android_tools/android-ndk-r19/toolchains/llvm/prebuilt/linux-x86_64/bin/clang++ --target=aarch64-none-linux-android28 --gcc-toolchain=/home/vishal/android_tools/android-ndk-r19/toolchains/llvm/prebuilt/linux-x86_64  --sysroot /home/vishal/android_tools/android-ndk-r19/toolchains/llvm/prebuilt/linux-x86_64/sysroot -g -DANDROID -fdata-sections -ffunction-sections -funwind-tables -fstack-protector-strong -no-canonical-prefixes -fno-addrsig -Wa,--noexecstack -Wformat -Werror=format-security -stdlib=libc++ -fexceptions    -Wl,--exclude-libs,libgcc.a -Wl,--exclude-libs,libatomic.a -static-libstdc++ -Wl,--build-id -Wl,--warn-shared-textrel -Wl,--fatal-warnings -Wl,--no-undefined -Qunused-arguments -Wl,-z,noexecstack -Wl,-z,relro -Wl,-z,now -Wl,--gc-sections   CMakeFiles/cmTC_a6200.dir/feature_tests.cxx.o  -o cmTC_a6200 -latomic -lm 
make[1]: Leaving directory '/home/vishal/Github/Software_Design/data_recorder/android/CMakeFiles/CMakeTmp'


    Feature record: CXX_FEATURE:0cxx_aggregate_default_initializers
    Feature record: CXX_FEATURE:1cxx_alias_templates
    Feature record: CXX_FEATURE:1cxx_alignas
    Feature record: CXX_FEATURE:1cxx_alignof
    Feature record: CXX_FEATURE:1cxx_attributes
    Feature record: CXX_FEATURE:0cxx_attribute_deprecated
    Feature record: CXX_FEATURE:1cxx_auto_type
    Feature record: CXX_FEATURE:0cxx_binary_literals
    Feature record: CXX_FEATURE:1cxx_constexpr
    Feature record: CXX_FEATURE:0cxx_contextual_conversions
    Feature record: CXX_FEATURE:1cxx_decltype
    Feature record: CXX_FEATURE:0cxx_decltype_auto
    Feature record: CXX_FEATURE:1cxx_decltype_incomplete_return_types
    Feature record: CXX_FEATURE:1cxx_default_function_template_args
    Feature record: CXX_FEATURE:1cxx_defaulted_functions
    Feature record: CXX_FEATURE:1cxx_defaulted_move_initializers
    Feature record: CXX_FEATURE:1cxx_delegating_constructors
    Feature record: CXX_FEATURE:1cxx_deleted_functions
    Feature record: CXX_FEATURE:0cxx_digit_separators
    Feature record: CXX_FEATURE:1cxx_enum_forward_declarations
    Feature record: CXX_FEATURE:1cxx_explicit_conversions
    Feature record: CXX_FEATURE:1cxx_extended_friend_declarations
    Feature record: CXX_FEATURE:1cxx_extern_templates
    Feature record: CXX_FEATURE:1cxx_final
    Feature record: CXX_FEATURE:1cxx_func_identifier
    Feature record: CXX_FEATURE:1cxx_generalized_initializers
    Feature record: CXX_FEATURE:0cxx_generic_lambdas
    Feature record: CXX_FEATURE:1cxx_inheriting_constructors
    Feature record: CXX_FEATURE:1cxx_inline_namespaces
    Feature record: CXX_FEATURE:1cxx_lambdas
    Feature record: CXX_FEATURE:0cxx_lambda_init_captures
    Feature record: CXX_FEATURE:1cxx_local_type_template_args
    Feature record: CXX_FEATURE:1cxx_long_long_type
    Feature record: CXX_FEATURE:1cxx_noexcept
    Feature record: CXX_FEATURE:1cxx_nonstatic_member_init
    Feature record: CXX_FEATURE:1cxx_nullptr
    Feature record: CXX_FEATURE:1cxx_override
    Feature record: CXX_FEATURE:1cxx_range_for
    Feature record: CXX_FEATURE:1cxx_raw_string_literals
    Feature record: CXX_FEATURE:1cxx_reference_qualified_functions
    Feature record: CXX_FEATURE:0cxx_relaxed_constexpr
    Feature record: CXX_FEATURE:0cxx_return_type_deduction
    Feature record: CXX_FEATURE:1cxx_right_angle_brackets
    Feature record: CXX_FEATURE:1cxx_rvalue_references
    Feature record: CXX_FEATURE:1cxx_sizeof_member
    Feature record: CXX_FEATURE:1cxx_static_assert
    Feature record: CXX_FEATURE:1cxx_strong_enums
    Feature record: CXX_FEATURE:1cxx_template_template_parameters
    Feature record: CXX_FEATURE:1cxx_thread_local
    Feature record: CXX_FEATURE:1cxx_trailing_return_types
    Feature record: CXX_FEATURE:1cxx_unicode_literals
    Feature record: CXX_FEATURE:1cxx_uniform_initialization
    Feature record: CXX_FEATURE:1cxx_unrestricted_unions
    Feature record: CXX_FEATURE:1cxx_user_literals
    Feature record: CXX_FEATURE:0cxx_variable_templates
    Feature record: CXX_FEATURE:1cxx_variadic_macros
    Feature record: CXX_FEATURE:1cxx_variadic_templates


Detecting CXX [-std=c++98] compiler features compiled with the following output:
Change Dir: /home/vishal/Github/Software_Design/data_recorder/android/CMakeFiles/CMakeTmp

Run Build Command:"/usr/bin/make" "cmTC_e4d59/fast"
/usr/bin/make -f CMakeFiles/cmTC_e4d59.dir/build.make CMakeFiles/cmTC_e4d59.dir/build
make[1]: Entering directory '/home/vishal/Github/Software_Design/data_recorder/android/CMakeFiles/CMakeTmp'
Building CXX object CMakeFiles/cmTC_e4d59.dir/feature_tests.cxx.o
/home/vishal/android_tools/android-ndk-r19/toolchains/llvm/prebuilt/linux-x86_64/bin/clang++ --target=aarch64-none-linux-android28 --gcc-toolchain=/home/vishal/android_tools/android-ndk-r19/toolchains/llvm/prebuilt/linux-x86_64    --sysroot /home/vishal/android_tools/android-ndk-r19/toolchains/llvm/prebuilt/linux-x86_64/sysroot -g -DANDROID -fdata-sections -ffunction-sections -funwind-tables -fstack-protector-strong -no-canonical-prefixes -fno-addrsig -Wa,--noexecstack -Wformat -Werror=format-security -stdlib=libc++ -fexceptions   -fPIE   -std=c++98 -o CMakeFiles/cmTC_e4d59.dir/feature_tests.cxx.o -c /home/vishal/Github/Software_Design/data_recorder/android/CMakeFiles/feature_tests.cxx
Linking CXX executable cmTC_e4d59
/usr/local/lib/python2.7/dist-packages/cmake/data/bin/cmake -E cmake_link_script CMakeFiles/cmTC_e4d59.dir/link.txt --verbose=1
/home/vishal/android_tools/android-ndk-r19/toolchains/llvm/prebuilt/linux-x86_64/bin/clang++ --target=aarch64-none-linux-android28 --gcc-toolchain=/home/vishal/android_tools/android-ndk-r19/toolchains/llvm/prebuilt/linux-x86_64  --sysroot /home/vishal/android_tools/android-ndk-r19/toolchains/llvm/prebuilt/linux-x86_64/sysroot -g -DANDROID -fdata-sections -ffunction-sections -funwind-tables -fstack-protector-strong -no-canonical-prefixes -fno-addrsig -Wa,--noexecstack -Wformat -Werror=format-security -stdlib=libc++ -fexceptions    -Wl,--exclude-libs,libgcc.a -Wl,--exclude-libs,libatomic.a -static-libstdc++ -Wl,--build-id -Wl,--warn-shared-textrel -Wl,--fatal-warnings -Wl,--no-undefined -Qunused-arguments -Wl,-z,noexecstack -Wl,-z,relro -Wl,-z,now -Wl,--gc-sections   CMakeFiles/cmTC_e4d59.dir/feature_tests.cxx.o  -o cmTC_e4d59 -latomic -lm 
make[1]: Leaving directory '/home/vishal/Github/Software_Design/data_recorder/android/CMakeFiles/CMakeTmp'


    Feature record: CXX_FEATURE:0cxx_aggregate_default_initializers
    Feature record: CXX_FEATURE:0cxx_alias_templates
    Feature record: CXX_FEATURE:0cxx_alignas
    Feature record: CXX_FEATURE:0cxx_alignof
    Feature record: CXX_FEATURE:0cxx_attributes
    Feature record: CXX_FEATURE:0cxx_attribute_deprecated
    Feature record: CXX_FEATURE:0cxx_auto_type
    Feature record: CXX_FEATURE:0cxx_binary_literals
    Feature record: CXX_FEATURE:0cxx_constexpr
    Feature record: CXX_FEATURE:0cxx_contextual_conversions
    Feature record: CXX_FEATURE:0cxx_decltype
    Feature record: CXX_FEATURE:0cxx_decltype_auto
    Feature record: CXX_FEATURE:0cxx_decltype_incomplete_return_types
    Feature record: CXX_FEATURE:0cxx_default_function_template_args
    Feature record: CXX_FEATURE:0cxx_defaulted_functions
    Feature record: CXX_FEATURE:0cxx_defaulted_move_initializers
    Feature record: CXX_FEATURE:0cxx_delegating_constructors
    Feature record: CXX_FEATURE:0cxx_deleted_functions
    Feature record: CXX_FEATURE:0cxx_digit_separators
    Feature record: CXX_FEATURE:0cxx_enum_forward_declarations
    Feature record: CXX_FEATURE:0cxx_explicit_conversions
    Feature record: CXX_FEATURE:0cxx_extended_friend_declarations
    Feature record: CXX_FEATURE:0cxx_extern_templates
    Feature record: CXX_FEATURE:0cxx_final
    Feature record: CXX_FEATURE:0cxx_func_identifier
    Feature record: CXX_FEATURE:0cxx_generalized_initializers
    Feature record: CXX_FEATURE:0cxx_generic_lambdas
    Feature record: CXX_FEATURE:0cxx_inheriting_constructors
    Feature record: CXX_FEATURE:0cxx_inline_namespaces
    Feature record: CXX_FEATURE:0cxx_lambdas
    Feature record: CXX_FEATURE:0cxx_lambda_init_captures
    Feature record: CXX_FEATURE:0cxx_local_type_template_args
    Feature record: CXX_FEATURE:0cxx_long_long_type
    Feature record: CXX_FEATURE:0cxx_noexcept
    Feature record: CXX_FEATURE:0cxx_nonstatic_member_init
    Feature record: CXX_FEATURE:0cxx_nullptr
    Feature record: CXX_FEATURE:0cxx_override
    Feature record: CXX_FEATURE:0cxx_range_for
    Feature record: CXX_FEATURE:0cxx_raw_string_literals
    Feature record: CXX_FEATURE:0cxx_reference_qualified_functions
    Feature record: CXX_FEATURE:0cxx_relaxed_constexpr
    Feature record: CXX_FEATURE:0cxx_return_type_deduction
    Feature record: CXX_FEATURE:0cxx_right_angle_brackets
    Feature record: CXX_FEATURE:0cxx_rvalue_references
    Feature record: CXX_FEATURE:0cxx_sizeof_member
    Feature record: CXX_FEATURE:0cxx_static_assert
    Feature record: CXX_FEATURE:0cxx_strong_enums
    Feature record: CXX_FEATURE:1cxx_template_template_parameters
    Feature record: CXX_FEATURE:0cxx_thread_local
    Feature record: CXX_FEATURE:0cxx_trailing_return_types
    Feature record: CXX_FEATURE:0cxx_unicode_literals
    Feature record: CXX_FEATURE:0cxx_uniform_initialization
    Feature record: CXX_FEATURE:0cxx_unrestricted_unions
    Feature record: CXX_FEATURE:0cxx_user_literals
    Feature record: CXX_FEATURE:0cxx_variable_templates
    Feature record: CXX_FEATURE:0cxx_variadic_macros
    Feature record: CXX_FEATURE:0cxx_variadic_templates
